<?xml version="1.0" encoding="UTF-8"?>
<!-- Generated by org.testng.reporters.JUnitReportReporter -->
<testsuite hostname="DESKTOP-IIJOUMB" failures="0" tests="1" name="testcases.MySettingsTest" time="17.752" errors="0" timestamp="2024-04-27T18:59:52 EDT" skipped="0">
  <testcase classname="testcases.MySettingsTest" name="Login" time="17.752"/>
  <system-out/>
</testsuite> <!-- testcases.MySettingsTest -->
