<?xml version="1.0" encoding="UTF-8"?>
<!-- Generated by org.testng.reporters.JUnitReportReporter -->
<testsuite hostname="DESKTOP-IIJOUMB" failures="0" tests="1" name="testcases.OpportunitiesTest" time="12.812" errors="0" timestamp="2024-05-08T00:43:33 EDT" skipped="0">
  <testcase classname="testcases.OpportunitiesTest" name="Loginuser_34" time="12.812"/>
  <system-out/>
</testsuite> <!-- testcases.OpportunitiesTest -->
