<?xml version="1.0" encoding="UTF-8"?>
<!-- Generated by org.testng.reporters.JUnitReportReporter -->
<testsuite hostname="DESKTOP-IIJOUMB" failures="0" tests="1" name="testcases.LoginTest" time="11.613" errors="0" timestamp="2024-04-28T15:04:26 EDT" skipped="0">
  <testcase classname="testcases.LoginTest" name="Login2" time="11.613"/>
  <system-out/>
</testsuite> <!-- testcases.LoginTest -->
