<?xml version="1.0" encoding="UTF-8"?>
<!-- Generated by org.testng.reporters.JUnitReportReporter -->
<testsuite hostname="DESKTOP-IIJOUMB" failures="0" tests="1" name="test.LoginTest" time="5.464" errors="0" timestamp="22 Apr 2024 00:12:36 GMT">
  <testcase classname="test.LoginTest" name="LoginSalesForce" time="5.464"/>
</testsuite> <!-- test.LoginTest -->
