<?xml version="1.0" encoding="UTF-8"?>
<!-- Generated by org.testng.reporters.JUnitReportReporter -->
<testsuite hostname="DESKTOP-IIJOUMB" failures="0" tests="1" name="testcases.ContactsTest" time="15.558" errors="0" timestamp="2024-05-07T23:49:28 EDT" skipped="0">
  <testcase classname="testcases.ContactsTest" name="NewContactPageEdit_33" time="15.558"/>
  <system-out/>
</testsuite> <!-- testcases.ContactsTest -->
