<?xml version="1.0" encoding="UTF-8"?>
<!-- Generated by org.testng.reporters.JUnitReportReporter -->
<testsuite hostname="DESKTOP-IIJOUMB" failures="0" tests="1" name="testcases.AccountTest" time="17.196" errors="0" timestamp="2024-04-29T00:26:52 EDT" skipped="0">
  <testcase classname="testcases.AccountTest" name="Accountreport" time="17.196"/>
  <system-out/>
</testsuite> <!-- testcases.AccountTest -->
