<?xml version="1.0" encoding="UTF-8"?>
<!-- Generated by org.testng.reporters.JUnitReportReporter -->
<testsuite hostname="DESKTOP-IIJOUMB" failures="0" tests="1" name="testcases.RandomScenariosTest" time="21.501" errors="0" timestamp="2024-05-01T17:51:45 EDT" skipped="0">
  <testcase classname="testcases.RandomScenariosTest" name="weekly_recurrance" time="21.501"/>
  <system-out/>
</testsuite> <!-- testcases.RandomScenariosTest -->
