<?xml version="1.0" encoding="UTF-8"?>
<!-- Generated by org.testng.reporters.JUnitReportReporter -->
<testsuite hostname="DESKTOP-IIJOUMB" failures="0" tests="1" name="testcases.Hometest" time="10.356" errors="0" timestamp="2024-04-27T21:00:24 EDT" skipped="0">
  <testcase classname="testcases.Hometest" name="Logout" time="10.356"/>
  <system-out/>
</testsuite> <!-- testcases.Hometest -->
