<?xml version="1.0" encoding="UTF-8"?>
<!-- Generated by org.testng.reporters.JUnitReportReporter -->
<testsuite hostname="DESKTOP-IIJOUMB" failures="0" tests="1" name="testcases.LeadTest" time="18.302" errors="0" timestamp="2024-04-30T14:48:42 EDT" skipped="0">
  <testcase classname="testcases.LeadTest" name="newLeads" time="18.302"/>
  <system-out/>
</testsuite> <!-- testcases.LeadTest -->
